TN:
SF:D:\development\RTDH\apertos-frontend\src\components\Datasets.vue
FN:173,(anonymous_0)
FN:174,(anonymous_1)
FNF:2
FNH:0
FNDA:0,(anonymous_0)
FNDA:0,(anonymous_1)
DA:59,5
DA:74,0
DA:77,5
DA:78,5
DA:79,0
DA:80,0
DA:81,0
DA:82,0
DA:84,5
DA:98,0
DA:99,0
DA:100,0
DA:101,0
DA:102,0
DA:103,0
DA:104,0
DA:109,0
DA:113,5
DA:116,5
DA:117,5
DA:118,5
DA:121,5
DA:122,5
DA:123,5
DA:124,5
DA:126,5
DA:129,0
DA:130,0
DA:131,0
DA:132,0
DA:133,0
DA:137,0
DA:138,0
DA:160,0
DA:165,0
DA:166,0
DA:170,5
DA:171,5
DA:172,5
DA:173,5
DA:174,0
DA:175,0
DA:178,5
DA:183,0
LF:44
LH:18
BRDA:80,0,0,0
BRDA:80,0,1,0
BRDA:81,1,0,0
BRDA:81,1,1,0
BRDA:101,2,0,0
BRDA:101,2,1,0
BRDA:103,3,0,0
BRDA:103,3,1,0
BRDA:117,4,0,0
BRDA:117,4,1,5
BRDA:122,5,0,5
BRDA:122,5,1,0
BRDA:132,6,0,0
BRDA:132,6,1,0
BRF:14
BRH:2
end_of_record
TN:
SF:D:\development\RTDH\apertos-frontend\src\components\DatasetFacets.vue
FN:77,(anonymous_0)
FN:103,(anonymous_1)
FNF:2
FNH:0
FNDA:0,(anonymous_0)
FNDA:0,(anonymous_1)
DA:49,1
DA:50,1
DA:55,0
DA:77,0
DA:78,0
DA:79,0
DA:80,0
DA:81,0
DA:85,0
DA:88,0
DA:89,0
DA:90,0
DA:93,0
DA:94,0
DA:96,0
DA:97,0
DA:98,0
DA:101,0
DA:102,0
DA:103,0
DA:106,0
DA:107,0
DA:109,0
DA:110,0
DA:111,0
DA:112,0
DA:113,0
DA:115,0
DA:117,0
LF:29
LH:2
BRDA:79,0,0,0
BRDA:79,0,1,0
BRDA:80,1,0,0
BRDA:80,1,1,0
BRDA:89,2,0,0
BRDA:89,2,1,0
BRDA:93,3,0,0
BRDA:93,3,1,0
BRDA:97,4,0,0
BRDA:97,4,1,0
BRDA:106,5,0,0
BRDA:106,5,1,0
BRDA:110,6,0,0
BRDA:110,6,1,0
BRDA:112,7,0,0
BRDA:112,7,1,0
BRF:16
BRH:0
end_of_record
TN:
SF:D:\development\RTDH\apertos-frontend\src\filters\dateFilters.js
FNF:0
FNH:0
DA:9,1
DA:11,1
DA:13,5
DA:14,0
DA:17,5
DA:18,0
LF:6
LH:4
BRDA:13,0,0,5
BRDA:13,0,1,0
BRDA:17,1,0,5
BRDA:17,1,1,0
BRF:4
BRH:2
end_of_record
TN:
SF:D:\development\RTDH\apertos-frontend\src\components\About.vue
FNF:0
FNH:0
LF:0
LH:0
BRF:0
BRH:0
end_of_record
TN:
SF:D:\development\RTDH\apertos-frontend\src\components\DatasetDetails.vue
FNF:0
FNH:0
DA:76,0
DA:103,0
DA:104,0
LF:3
LH:0
BRF:0
BRH:0
end_of_record
TN:
SF:D:\development\RTDH\apertos-frontend\src\components\DistributionDetails.vue
FNF:0
FNH:0
DA:53,0
DA:81,0
DA:82,0
LF:3
LH:0
BRF:0
BRH:0
end_of_record
TN:
SF:D:\development\RTDH\apertos-frontend\src\components\data-visualisation\DatastoreLineChart.vue
FN:41,(anonymous_0)
FN:48,(anonymous_1)
FN:61,(anonymous_2)
FN:66,(anonymous_3)
FN:89,(anonymous_4)
FN:93,(anonymous_5)
FNF:6
FNH:0
FNDA:0,(anonymous_0)
FNDA:0,(anonymous_1)
FNDA:0,(anonymous_2)
FNDA:0,(anonymous_3)
FNDA:0,(anonymous_4)
FNDA:0,(anonymous_5)
DA:27,0
DA:39,0
DA:40,0
DA:41,0
DA:42,0
DA:43,0
DA:44,0
DA:48,0
DA:49,0
DA:50,0
DA:51,0
DA:52,0
DA:61,0
DA:62,0
DA:64,0
DA:67,0
DA:68,0
DA:71,0
DA:74,0
DA:78,0
DA:79,0
DA:80,0
DA:85,0
DA:88,0
DA:89,0
DA:90,0
DA:92,0
DA:93,0
DA:94,0
LF:29
LH:0
BRDA:88,0,0,0
BRDA:88,0,1,0
BRDA:92,1,0,0
BRDA:92,1,1,0
BRF:4
BRH:0
end_of_record
TN:
SF:D:\development\RTDH\apertos-frontend\src\components\Home.vue
FNF:0
FNH:0
DA:11,0
LF:1
LH:0
BRF:0
BRH:0
end_of_record
TN:
SF:D:\development\RTDH\apertos-frontend\src\components\Impressum.vue
FNF:0
FNH:0
DA:106,0
LF:1
LH:0
BRF:0
BRH:0
end_of_record
TN:
SF:D:\development\RTDH\apertos-frontend\src\components\Navbar.vue
FNF:0
FNH:0
DA:64,0
DA:68,0
DA:74,0
LF:3
LH:0
BRF:0
BRH:0
end_of_record
TN:
SF:D:\development\RTDH\apertos-frontend\src\components\Top.vue
FNF:0
FNH:0
LF:0
LH:0
BRF:0
BRH:0
end_of_record
TN:
SF:D:\development\RTDH\apertos-frontend\src\components\Topbar.vue
FNF:0
FNH:0
LF:0
LH:0
BRF:0
BRH:0
end_of_record
TN:
SF:D:\development\RTDH\apertos-frontend\src\components\custom\CustomAbout.vue
FNF:0
FNH:0
DA:19,0
DA:27,0
DA:28,0
LF:3
LH:0
BRF:0
BRH:0
end_of_record
TN:
SF:D:\development\RTDH\apertos-frontend\src\components\data-visualisation\Nvd3DLineChartExample.vue
FN:46,(anonymous_0)
FN:64,(anonymous_1)
FN:99,(anonymous_2)
FN:118,(anonymous_3)
FN:122,(anonymous_4)
FNF:5
FNH:0
FNDA:0,(anonymous_0)
FNDA:0,(anonymous_1)
FNDA:0,(anonymous_2)
FNDA:0,(anonymous_3)
FNDA:0,(anonymous_4)
DA:24,0
DA:37,0
DA:38,0
DA:39,0
DA:40,0
DA:41,0
DA:42,0
DA:46,0
DA:47,0
DA:64,0
DA:65,0
DA:67,0
DA:70,0
DA:74,0
DA:97,0
DA:98,0
DA:99,0
DA:101,0
DA:104,0
DA:108,0
DA:109,0
DA:114,0
DA:117,0
DA:118,0
DA:119,0
DA:121,0
DA:122,0
DA:123,0
LF:28
LH:0
BRDA:117,0,0,0
BRDA:117,0,1,0
BRDA:121,1,0,0
BRDA:121,1,1,0
BRF:4
BRH:0
end_of_record
TN:
SF:D:\development\RTDH\apertos-frontend\src\components\utils\Collapse.vue
FNF:0
FNH:0
DA:19,0
DA:31,0
DA:32,0
DA:35,0
DA:36,0
DA:41,0
DA:42,0
DA:43,0
LF:8
LH:0
BRDA:35,0,0,0
BRDA:35,0,1,0
BRDA:42,1,0,0
BRDA:42,1,1,0
BRF:4
BRH:0
end_of_record
