TN:
SF:D:\development\apertos-example\apertos-frontend\src\components\Datasets.vue
FN:210,(anonymous_0)
FN:211,(anonymous_1)
FNF:2
FNH:0
FNDA:0,(anonymous_0)
FNDA:0,(anonymous_1)
DA:59,5
DA:78,0
DA:85,5
DA:86,5
DA:87,0
DA:88,0
DA:89,0
DA:90,0
DA:92,5
DA:109,0
DA:110,0
DA:111,0
DA:112,0
DA:113,0
DA:114,0
DA:115,0
DA:125,0
DA:134,5
DA:140,5
DA:141,5
DA:142,5
DA:148,5
DA:149,5
DA:150,5
DA:151,5
DA:153,5
DA:159,0
DA:160,0
DA:161,0
DA:162,0
DA:163,0
DA:167,0
DA:168,0
DA:193,0
DA:202,0
DA:203,0
DA:207,5
DA:208,5
DA:209,5
DA:210,5
DA:211,0
DA:212,0
DA:215,5
DA:220,0
LF:44
LH:18
BRDA:88,0,0,0
BRDA:88,0,1,0
BRDA:89,1,0,0
BRDA:89,1,1,0
BRDA:112,2,0,0
BRDA:112,2,1,0
BRDA:114,3,0,0
BRDA:114,3,1,0
BRDA:141,4,0,0
BRDA:141,4,1,5
BRDA:149,5,0,5
BRDA:149,5,1,0
BRDA:162,6,0,0
BRDA:162,6,1,0
BRF:14
BRH:2
end_of_record
TN:
SF:D:\development\apertos-example\apertos-frontend\src\components\DatasetFacets.vue
FN:86,(anonymous_0)
FN:132,(anonymous_1)
FNF:2
FNH:0
FNDA:0,(anonymous_0)
FNDA:0,(anonymous_1)
DA:50,1
DA:52,1
DA:57,0
DA:86,0
DA:87,0
DA:88,0
DA:89,0
DA:90,0
DA:99,0
DA:106,0
DA:107,0
DA:108,0
DA:117,0
DA:118,0
DA:120,0
DA:121,0
DA:122,0
DA:130,0
DA:131,0
DA:132,0
DA:140,0
DA:141,0
DA:143,0
DA:144,0
DA:145,0
DA:146,0
DA:147,0
DA:149,0
DA:151,0
LF:29
LH:2
BRDA:88,0,0,0
BRDA:88,0,1,0
BRDA:89,1,0,0
BRDA:89,1,1,0
BRDA:107,2,0,0
BRDA:107,2,1,0
BRDA:117,3,0,0
BRDA:117,3,1,0
BRDA:121,4,0,0
BRDA:121,4,1,0
BRDA:140,5,0,0
BRDA:140,5,1,0
BRDA:144,6,0,0
BRDA:144,6,1,0
BRDA:146,7,0,0
BRDA:146,7,1,0
BRF:16
BRH:0
end_of_record
TN:
SF:D:\development\apertos-example\apertos-frontend\src\filters\dateFilters.js
FNF:0
FNH:0
DA:13,1
DA:15,1
DA:22,5
DA:23,0
DA:31,5
DA:32,0
LF:6
LH:4
BRDA:22,0,0,5
BRDA:22,0,1,0
BRDA:31,1,0,5
BRDA:31,1,1,0
BRF:4
BRH:2
end_of_record
TN:
SF:D:\development\apertos-example\apertos-frontend\src\components\About.vue
FNF:0
FNH:0
LF:0
LH:0
BRF:0
BRH:0
end_of_record
TN:
SF:D:\development\apertos-example\apertos-frontend\src\components\DatasetDetails.vue
FNF:0
FNH:0
DA:92,0
DA:125,0
DA:126,0
LF:3
LH:0
BRF:0
BRH:0
end_of_record
TN:
SF:D:\development\apertos-example\apertos-frontend\src\components\DistributionDetails.vue
FNF:0
FNH:0
DA:53,0
DA:81,0
DA:82,0
LF:3
LH:0
BRF:0
BRH:0
end_of_record
TN:
SF:D:\development\apertos-example\apertos-frontend\src\components\data-visualisation\DatastoreLineChart.vue
FN:46,(anonymous_0)
FN:53,(anonymous_1)
FN:70,(anonymous_2)
FN:75,(anonymous_3)
FN:98,(anonymous_4)
FN:102,(anonymous_5)
FNF:6
FNH:0
FNDA:0,(anonymous_0)
FNDA:0,(anonymous_1)
FNDA:0,(anonymous_2)
FNDA:0,(anonymous_3)
FNDA:0,(anonymous_4)
FNDA:0,(anonymous_5)
DA:28,0
DA:44,0
DA:45,0
DA:46,0
DA:47,0
DA:48,0
DA:49,0
DA:53,0
DA:54,0
DA:55,0
DA:56,0
DA:57,0
DA:70,0
DA:71,0
DA:73,0
DA:76,0
DA:77,0
DA:80,0
DA:83,0
DA:87,0
DA:88,0
DA:89,0
DA:94,0
DA:97,0
DA:98,0
DA:99,0
DA:101,0
DA:102,0
DA:103,0
LF:29
LH:0
BRDA:97,0,0,0
BRDA:97,0,1,0
BRDA:101,1,0,0
BRDA:101,1,1,0
BRF:4
BRH:0
end_of_record
TN:
SF:D:\development\apertos-example\apertos-frontend\src\components\Home.vue
FNF:0
FNH:0
DA:11,0
LF:1
LH:0
BRF:0
BRH:0
end_of_record
TN:
SF:D:\development\apertos-example\apertos-frontend\src\components\Impressum.vue
FNF:0
FNH:0
DA:106,0
LF:1
LH:0
BRF:0
BRH:0
end_of_record
TN:
SF:D:\development\apertos-example\apertos-frontend\src\components\Navbar.vue
FNF:0
FNH:0
DA:64,0
DA:68,0
DA:77,0
LF:3
LH:0
BRF:0
BRH:0
end_of_record
TN:
SF:D:\development\apertos-example\apertos-frontend\src\components\Top.vue
FNF:0
FNH:0
LF:0
LH:0
BRF:0
BRH:0
end_of_record
TN:
SF:D:\development\apertos-example\apertos-frontend\src\components\Topbar.vue
FNF:0
FNH:0
LF:0
LH:0
BRF:0
BRH:0
end_of_record
TN:
SF:D:\development\apertos-example\apertos-frontend\src\components\custom\CustomAbout.vue
FNF:0
FNH:0
DA:23,0
DA:31,0
DA:33,0
DA:34,0
LF:4
LH:0
BRDA:33,0,0,0
BRDA:33,0,1,0
BRF:2
BRH:0
end_of_record
TN:
SF:D:\development\apertos-example\apertos-frontend\src\components\custom\CustomDatasetDetails.vue
FNF:0
FNH:0
DA:20,0
LF:1
LH:0
BRF:0
BRH:0
end_of_record
TN:
SF:D:\development\apertos-example\apertos-frontend\src\components\data-visualisation\Nvd3DLineChartExample.vue
FN:47,(anonymous_0)
FN:65,(anonymous_1)
FN:100,(anonymous_2)
FN:119,(anonymous_3)
FN:123,(anonymous_4)
FNF:5
FNH:0
FNDA:0,(anonymous_0)
FNDA:0,(anonymous_1)
FNDA:0,(anonymous_2)
FNDA:0,(anonymous_3)
FNDA:0,(anonymous_4)
DA:25,0
DA:38,0
DA:39,0
DA:40,0
DA:41,0
DA:42,0
DA:43,0
DA:47,0
DA:48,0
DA:65,0
DA:66,0
DA:68,0
DA:71,0
DA:75,0
DA:98,0
DA:99,0
DA:100,0
DA:102,0
DA:105,0
DA:109,0
DA:110,0
DA:115,0
DA:118,0
DA:119,0
DA:120,0
DA:122,0
DA:123,0
DA:124,0
LF:28
LH:0
BRDA:118,0,0,0
BRDA:118,0,1,0
BRDA:122,1,0,0
BRDA:122,1,1,0
BRF:4
BRH:0
end_of_record
